<?xml version="1.0" encoding="utf-8"?><testsuites name="pytest tests"><testsuite name="pytest" errors="0" failures="0" skipped="0" tests="18" time="4.376" timestamp="2026-09-24T16:38:14.298642+00:00" hostname="agent-env-5b093851-a964-4ea0-a80f-c6b7ea178080"><testcase classname="tests.test_customer_colors.TestProductColorLock" name="test_create_product_with_owned_color_blocked" time="1.079" /><testcase classname="tests.test_customer_colors.TestProductColorLock" name="test_patch_general_product_to_owned_color_blocked" time="0.088" /><testcase classname="tests.test_customer_colors.TestProductColorLock" name="test_create_product_with_nonowned_color_not_blocked_by_lock" time="0.284" /><testcase classname="tests.test_customer_colors.TestUseRequestFlow" name="test_sales_create_request_success" time="1.368" /><testcase classname="tests.test_customer_colors.TestUseRequestFlow" name="test_duplicate_pending_400" time="0.086" /><testcase classname="tests.test_customer_colors.TestUseRequestFlow" name="test_reason_too_short_400" time="0.072" /><testcase classname="tests.test_customer_colors.TestUseRequestFlow" name="test_request_for_nonowned_color_400" time="0.354" /><testcase classname="tests.test_customer_colors.TestUseRequestFlow" name="test_owner_as_target_400" time="0.070" /><testcase classname="tests.test_customer_colors.TestCustomerColorsShape" name="test_butik_bali_colors" time="0.499" /><testcase classname="tests.test_customer_colors.TestCustomerColorsShape" name="test_toko_sejahtera" time="0.000" /><testcase classname="tests.test_customer_colors.TestCustomerColorCardPDF" name="test_visible_customer_pdf" time="0.552" /><testcase classname="tests.test_customer_colors.TestUseRequestFlow" name="test_sales_cannot_approve_403" time="0.070" /><testcase classname="tests.test_customer_colors.TestUseRequestFlow" name="test_list_use_requests_pending_first" time="0.467" /><testcase classname="tests.test_customer_colors.TestUseRequestFlow" name="test_reject_requires_note_400" time="0.078" /><testcase classname="tests.test_customer_colors.TestCustomerColorCardPDF" name="test_unknown_customer_404" time="0.120" /><testcase classname="tests.test_customer_colors.TestUseRequestFlow" name="test_manager_approve" time="0.113" /><testcase classname="tests.test_customer_colors.TestUseRequestFlow" name="test_after_approve_product_create_not_locked" time="0.613" /><testcase classname="tests.test_customer_colors.TestUseRequestFlow" name="test_revoke_reapplies_lock" time="0.214" /></testsuite></testsuites>