<?xml version="1.0" encoding="utf-8"?><testsuites name="pytest tests"><testsuite name="pytest" errors="0" failures="0" skipped="0" tests="12" time="4.473" timestamp="2026-09-24T17:20:34.912503+00:00" hostname="agent-env-5b093851-a964-4ea0-a80f-c6b7ea178080"><testcase classname="tests.test_grn_phase0" name="test_advance_rejects_inbound[qc_check]" time="0.592" /><testcase classname="tests.test_grn_phase0" name="test_advance_rejects_inbound[put_away]" time="0.073" /><testcase classname="tests.test_grn_phase0" name="test_block_over_remaining_changes_scan_label" time="1.104" /><testcase classname="tests.test_grn_phase0" name="test_line_qty_tolerance_from_config[5]" time="0.302" /><testcase classname="tests.test_grn_phase0" name="test_line_qty_tolerance_from_config[2]" time="0.302" /><testcase classname="tests.test_grn_phase0" name="test_require_grade_legacy_map" time="0.001" /><testcase classname="tests.test_grn_phase0" name="test_scan_receive_rejects_unknown_grade" time="0.090" /><testcase classname="tests.test_grn_phase0" name="test_scan_receive_maps_legacy_grade" time="0.129" /><testcase classname="tests.test_grn_phase0" name="test_over_receipt_override_requires_approve" time="0.776" /><testcase classname="tests.test_grn_phase0" name="test_supplier_item_unique_and_lookup_active" time="0.077" /><testcase classname="tests.test_grn_phase0" name="test_duplicate_line_helper" time="0.001" /><testcase classname="tests.test_grn_phase0" name="test_amend_rejects_duplicate_product" time="0.076" /></testsuite></testsuites>