<?xml version="1.0" encoding="utf-8"?><testsuites name="pytest tests"><testsuite name="pytest" errors="0" failures="0" skipped="0" tests="11" time="3.072" timestamp="2026-09-24T15:01:14.979871+00:00" hostname="agent-env-8bc957bd-864c-4257-936b-18499dd2b8f8"><testcase classname="tests.test_iter62_customer_colors.TestCustomerColorsEndpoint" name="test_customer_colors_ksc" time="0.563" /><testcase classname="tests.test_iter62_customer_colors.TestCustomerColorsEndpoint" name="test_customer_colors_kanda_empty" time="0.144" /><testcase classname="tests.test_iter62_customer_colors.TestCustomerColorsEndpoint" name="test_customer_colors_filter_by_customer" time="0.174" /><testcase classname="tests.test_iter62_customer_colors.TestCustomerColorsEndpoint" name="test_customer_colors_finance_forbidden" time="0.523" /><testcase classname="tests.test_iter62_customer_colors.TestScopeParam" name="test_scope_internal" time="0.239" /><testcase classname="tests.test_iter62_customer_colors.TestScopeParam" name="test_scope_customer" time="0.160" /><testcase classname="tests.test_iter62_customer_colors.TestScopeParam" name="test_no_scope_all_have_flag" time="0.140" /><testcase classname="tests.test_iter62_customer_colors.TestCreatePatchCustomerColor" name="test_create_with_valid_customer" time="0.416" /><testcase classname="tests.test_iter62_customer_colors.TestCreatePatchCustomerColor" name="test_create_with_invalid_customer_400" time="0.138" /><testcase classname="tests.test_iter62_customer_colors.TestCreatePatchCustomerColor" name="test_patch_move_between_customers" time="0.429" /><testcase classname="tests.test_iter62_customer_colors" name="test_zzz_cleanup" time="0.063" /></testsuite></testsuites>