<?xml version="1.0" encoding="utf-8"?><testsuites name="pytest tests"><testsuite name="pytest" errors="0" failures="0" skipped="0" tests="53" time="21.252" timestamp="2026-09-24T14:36:32.369842+00:00" hostname="agent-env-8bc957bd-864c-4257-936b-18499dd2b8f8"><testcase classname="tests.test_iter61_color_library" name="test_list_default_active" time="3.260" /><testcase classname="tests.test_iter61_color_library" name="test_list_status_all_and_inactive" time="0.308" /><testcase classname="tests.test_iter61_color_library" name="test_list_filter_q_family_system" time="0.266" /><testcase classname="tests.test_iter61_color_library" name="test_nearest_ok" time="0.149" /><testcase classname="tests.test_iter61_color_library" name="test_nearest_bad_hex_400" time="0.122" /><testcase classname="tests.test_iter61_color_library" name="test_create_valid_and_hex_norm" time="0.165" /><testcase classname="tests.test_iter61_color_library" name="test_create_unknown_system_falls_to_KN" time="0.116" /><testcase classname="tests.test_iter61_color_library" name="test_create_duplicate_code_400" time="5.156" /><testcase classname="tests.test_iter61_color_library" name="test_create_missing_code_or_name_400" time="0.241" /><testcase classname="tests.test_iter61_color_library" name="test_create_bad_hex_400" time="0.167" /><testcase classname="tests.test_iter61_color_library" name="test_patch_empty_name_400" time="0.369" /><testcase classname="tests.test_iter61_color_library" name="test_patch_bad_status_400" time="0.420" /><testcase classname="tests.test_iter61_color_library" name="test_patch_bad_hex_400" time="0.279" /><testcase classname="tests.test_iter61_color_library" name="test_patch_not_found_404" time="0.140" /><testcase classname="tests.test_iter61_color_library" name="test_patch_valid_status_toggle" time="0.408" /><testcase classname="tests.test_iter61_color_library" name="test_delete_soft_and_404" time="0.919" /><testcase classname="tests.test_iter61_color_library" name="test_view_permissions[admin-True]" time="0.192" /><testcase classname="tests.test_iter61_color_library" name="test_view_permissions[manager-True]" time="0.134" /><testcase classname="tests.test_iter61_color_library" name="test_view_permissions[md-True]" time="0.167" /><testcase classname="tests.test_iter61_color_library" name="test_view_permissions[sales-True]" time="0.196" /><testcase classname="tests.test_iter61_color_library" name="test_view_permissions[salesadmin-True]" time="1.181" /><testcase classname="tests.test_iter61_color_library" name="test_view_permissions[warehouse-True]" time="0.181" /><testcase classname="tests.test_iter61_color_library" name="test_view_permissions[designer-True]" time="0.172" /><testcase classname="tests.test_iter61_color_library" name="test_view_permissions[finance-False]" time="0.128" /><testcase classname="tests.test_iter61_color_library" name="test_create_permissions[admin-True]" time="0.123" /><testcase classname="tests.test_iter61_color_library" name="test_create_permissions[manager-True]" time="0.145" /><testcase classname="tests.test_iter61_color_library" name="test_create_permissions[md-True]" time="0.131" /><testcase classname="tests.test_iter61_color_library" name="test_create_permissions[sales-True]" time="0.123" /><testcase classname="tests.test_iter61_color_library" name="test_create_permissions[salesadmin-False]" time="0.119" /><testcase classname="tests.test_iter61_color_library" name="test_create_permissions[warehouse-False]" time="0.179" /><testcase classname="tests.test_iter61_color_library" name="test_create_permissions[designer-False]" time="0.130" /><testcase classname="tests.test_iter61_color_library" name="test_create_permissions[finance-False]" time="0.161" /><testcase classname="tests.test_iter61_color_library" name="test_update_permissions[admin-True]" time="0.286" /><testcase classname="tests.test_iter61_color_library" name="test_update_permissions[manager-True]" time="0.244" /><testcase classname="tests.test_iter61_color_library" name="test_update_permissions[md-True]" time="0.323" /><testcase classname="tests.test_iter61_color_library" name="test_update_permissions[sales-False]" time="0.263" /><testcase classname="tests.test_iter61_color_library" name="test_update_permissions[salesadmin-False]" time="0.323" /><testcase classname="tests.test_iter61_color_library" name="test_update_permissions[warehouse-False]" time="0.258" /><testcase classname="tests.test_iter61_color_library" name="test_update_permissions[designer-False]" time="0.277" /><testcase classname="tests.test_iter61_color_library" name="test_update_permissions[finance-False]" time="0.277" /><testcase classname="tests.test_iter61_color_library" name="test_delete_permissions[admin-True]" time="0.246" /><testcase classname="tests.test_iter61_color_library" name="test_delete_permissions[manager-True]" time="0.308" /><testcase classname="tests.test_iter61_color_library" name="test_delete_permissions[md-False]" time="0.306" /><testcase classname="tests.test_iter61_color_library" name="test_delete_permissions[sales-False]" time="0.283" /><testcase classname="tests.test_iter61_color_library" name="test_delete_permissions[salesadmin-False]" time="0.315" /><testcase classname="tests.test_iter61_color_library" name="test_delete_permissions[warehouse-False]" time="0.261" /><testcase classname="tests.test_iter61_color_library" name="test_delete_permissions[designer-False]" time="0.273" /><testcase classname="tests.test_iter61_color_library" name="test_delete_permissions[finance-False]" time="0.322" /><testcase classname="tests.test_iter61_color_library" name="test_supplier_variants_row_palembang" time="0.145" /><testcase classname="tests.test_iter61_color_library" name="test_color_links_kn_blu_01" time="0.124" /><testcase classname="tests.test_iter61_color_library" name="test_color_links_404" time="0.132" /><testcase classname="tests.test_iter61_color_library" name="test_product_ktn_nvy_psh_01_dua_warna" time="0.156" /><testcase classname="tests.test_iter61_color_library" name="test_zzz_cleanup" time="0.070" /></testsuite></testsuites>