<?xml version="1.0" encoding="utf-8"?><testsuites name="pytest tests"><testsuite name="pytest" errors="0" failures="0" skipped="0" tests="15" time="10.031" timestamp="2026-09-24T13:28:35.272403+00:00" hostname="agent-env-8bc957bd-864c-4257-936b-18499dd2b8f8"><testcase classname="tests.test_iter58_marketing_templates_duplicate.TestDuplicatePost" name="test_duplicate_copies_content_new_status" time="0.685" /><testcase classname="tests.test_iter58_marketing_templates_duplicate.TestDuplicatePost" name="test_duplicate_empty_publish_at_allowed" time="0.298" /><testcase classname="tests.test_iter58_marketing_templates_duplicate.TestDuplicatePost" name="test_duplicate_404_unknown_pid" time="0.132" /><testcase classname="tests.test_iter58_marketing_templates_duplicate.TestDuplicatePost" name="test_duplicate_isolation_other_entity_404" time="0.764" /><testcase classname="tests.test_iter58_marketing_templates_duplicate.TestTemplates" name="test_create_and_list" time="0.362" /><testcase classname="tests.test_iter58_marketing_templates_duplicate.TestTemplates" name="test_name_required" time="0.123" /><testcase classname="tests.test_iter58_marketing_templates_duplicate.TestTemplates" name="test_duplicate_name_case_insensitive" time="1.426" /><testcase classname="tests.test_iter58_marketing_templates_duplicate.TestTemplates" name="test_unknown_platform_dropped" time="0.141" /><testcase classname="tests.test_iter58_marketing_templates_duplicate.TestTemplates" name="test_unknown_content_type_400" time="0.187" /><testcase classname="tests.test_iter58_marketing_templates_duplicate.TestTemplates" name="test_use_increments_used_count" time="1.929" /><testcase classname="tests.test_iter58_marketing_templates_duplicate.TestTemplates" name="test_delete_by_creator" time="0.427" /><testcase classname="tests.test_iter58_marketing_templates_duplicate.TestTemplates" name="test_delete_by_manager_other_creator" time="0.631" /><testcase classname="tests.test_iter58_marketing_templates_duplicate.TestTemplates" name="test_delete_forbidden_other_user" time="0.626" /><testcase classname="tests.test_iter58_marketing_templates_duplicate.TestTemplates" name="test_delete_404" time="0.126" /><testcase classname="tests.test_iter58_marketing_templates_duplicate.TestPostsWeekRange" name="test_from_to_date_filter" time="2.084" /></testsuite></testsuites>