<?xml version="1.0" encoding="utf-8"?><testsuites name="pytest tests"><testsuite name="pytest" errors="0" failures="0" skipped="2" tests="17" time="4.156" timestamp="2026-09-24T14:20:25.541702+00:00" hostname="agent-env-8bc957bd-864c-4257-936b-18499dd2b8f8"><testcase classname="tests.test_iter60_import_stockaging_reschedule.TestImportProductsBulk" name="test_dry_run_2000_rows_fast" time="0.827" /><testcase classname="tests.test_iter60_import_stockaging_reschedule.TestImportProductsBulk" name="test_dup_sku_in_file_second_row_is_updated" time="0.364" /><testcase classname="tests.test_iter60_import_stockaging_reschedule.TestImportProductsBulk" name="test_missing_sku_row_error" time="0.129" /><testcase classname="tests.test_iter60_import_stockaging_reschedule.TestImportProductsBulk" name="test_rd_sku_blocked" time="0.199" /><testcase classname="tests.test_iter60_import_stockaging_reschedule.TestStockAging" name="test_matches_recompute[0-None]" time="0.135" /><testcase classname="tests.test_iter60_import_stockaging_reschedule.TestStockAging" name="test_matches_recompute[30-None]" time="0.166" /><testcase classname="tests.test_iter60_import_stockaging_reschedule.TestStockAging" name="test_matches_recompute[0-ent_ksc]" time="0.156" /><testcase classname="tests.test_iter60_import_stockaging_reschedule.TestStockAging" name="test_matches_recompute[30-ent_ksc]" time="0.165" /><testcase classname="tests.test_iter60_import_stockaging_reschedule.TestStockAging" name="test_matches_recompute[30-ent_kanda]" time="0.134" /><testcase classname="tests.test_iter60_import_stockaging_reschedule.TestStockAging" name="test_entity_isolation" time="0.278" /><testcase classname="tests.test_iter60_import_stockaging_reschedule.TestReschedule" name="test_reschedule_happy_path" time="0.296" /><testcase classname="tests.test_iter60_import_stockaging_reschedule.TestReschedule" name="test_reschedule_same_time_noop" time="0.271" /><testcase classname="tests.test_iter60_import_stockaging_reschedule.TestReschedule" name="test_reschedule_bad_format" time="0.144" /><testcase classname="tests.test_iter60_import_stockaging_reschedule.TestReschedule" name="test_reschedule_unknown_pid" time="0.147" /><testcase classname="tests.test_iter60_import_stockaging_reschedule.TestReschedule" name="test_reschedule_cross_entity_404" time="0.512"><skipped type="pytest.skip" message="admin memiliki view_all lintas-entitas — perlu user sales/manager tanpa akses ent_ksc untuk uji 404">/app/backend/tests/test_iter60_import_stockaging_reschedule.py:258: admin memiliki view_all lintas-entitas — perlu user sales/manager tanpa akses ent_ksc untuk uji 404</skipped></testcase><testcase classname="tests.test_iter60_import_stockaging_reschedule.TestReschedule" name="test_reschedule_published_blocked" time="0.140"><skipped type="pytest.skip" message="tidak ada post published untuk uji">/app/backend/tests/test_iter60_import_stockaging_reschedule.py:267: tidak ada post published untuk uji</skipped></testcase><testcase classname="tests.test_iter60_import_stockaging_reschedule" name="test_zzz_cleanup_test_data" time="0.004" /></testsuite></testsuites>