<?xml version="1.0" encoding="utf-8"?><testsuites name="pytest tests"><testsuite name="pytest" errors="0" failures="0" skipped="0" tests="22" time="11.495" timestamp="2026-09-24T18:44:41.604036+00:00" hostname="agent-env-589c3d15-abb5-4474-ba2c-e7ff583ab20a"><testcase classname="tests.test_inbound_complete_characterization" name="test_complete_scanned_rolls_path" time="1.039" /><testcase classname="tests.test_inbound_complete_characterization" name="test_complete_manual_rolls_path" time="0.284" /><testcase classname="tests.test_grn_phase0" name="test_advance_rejects_inbound[qc_check]" time="0.521" /><testcase classname="tests.test_grn_phase0" name="test_advance_rejects_inbound[put_away]" time="0.109" /><testcase classname="tests.test_grn_phase0" name="test_block_over_remaining_changes_scan_label" time="1.004" /><testcase classname="tests.test_grn_phase0" name="test_line_qty_tolerance_from_config[5]" time="0.350" /><testcase classname="tests.test_grn_phase0" name="test_line_qty_tolerance_from_config[2]" time="0.324" /><testcase classname="tests.test_grn_phase0" name="test_require_grade_legacy_map" time="0.001" /><testcase classname="tests.test_grn_phase0" name="test_scan_receive_rejects_unknown_grade" time="0.079" /><testcase classname="tests.test_grn_phase0" name="test_scan_receive_maps_legacy_grade" time="0.089" /><testcase classname="tests.test_grn_phase0" name="test_over_receipt_override_requires_approve" time="0.266" /><testcase classname="tests.test_grn_phase0" name="test_supplier_item_unique_and_lookup_active" time="0.097" /><testcase classname="tests.test_grn_phase0" name="test_duplicate_line_helper" time="0.001" /><testcase classname="tests.test_grn_phase0" name="test_amend_rejects_duplicate_product" time="0.076" /><testcase classname="tests.test_wms_advance_expected" name="test_advance_expected_status_ok_then_409" time="0.618" /><testcase classname="tests.test_wms_advance_expected" name="test_advance_without_expected_status_still_works" time="0.111" /><testcase classname="tests.test_grn_phase2" name="test_full_flow_matches_legacy_golden" time="2.192" /><testcase classname="tests.test_grn_phase2" name="test_blind_count_enforced_by_api" time="0.612" /><testcase classname="tests.test_grn_phase2" name="test_partial_delivery_discrepancies_and_single_remainder" time="1.251" /><testcase classname="tests.test_grn_phase2" name="test_duplicate_dn_and_cancel_cleans_up" time="1.489" /><testcase classname="tests.test_grn_phase2" name="test_grn_mode_blocks_legacy_new_tasks" time="0.351" /><testcase classname="tests.test_grn_phase2" name="test_entity_isolation" time="0.454" /></testsuite></testsuites>