<?xml version="1.0" encoding="utf-8"?><testsuites name="pytest tests"><testsuite name="pytest" errors="0" failures="0" skipped="0" tests="42" time="24.343" timestamp="2026-09-25T02:54:21.380582+00:00" hostname="agent-env-0ff7039f-c0df-4160-8baa-1a9bc321641e"><testcase classname="tests.test_grn_phase0" name="test_advance_rejects_inbound[qc_check]" time="0.591" /><testcase classname="tests.test_grn_phase0" name="test_advance_rejects_inbound[put_away]" time="0.097" /><testcase classname="tests.test_grn_phase0" name="test_block_over_remaining_changes_scan_label" time="0.823" /><testcase classname="tests.test_grn_phase0" name="test_line_qty_tolerance_from_config[5]" time="0.302" /><testcase classname="tests.test_grn_phase0" name="test_line_qty_tolerance_from_config[2]" time="0.333" /><testcase classname="tests.test_grn_phase0" name="test_require_grade_legacy_map" time="0.001" /><testcase classname="tests.test_grn_phase0" name="test_scan_receive_rejects_unknown_grade" time="0.085" /><testcase classname="tests.test_grn_phase0" name="test_scan_receive_maps_legacy_grade" time="0.126" /><testcase classname="tests.test_grn_phase0" name="test_over_receipt_override_requires_approve" time="0.216" /><testcase classname="tests.test_grn_phase0" name="test_supplier_item_unique_and_lookup_active" time="0.076" /><testcase classname="tests.test_grn_phase0" name="test_duplicate_line_helper" time="0.000" /><testcase classname="tests.test_grn_phase0" name="test_amend_rejects_duplicate_product" time="0.095" /><testcase classname="tests.test_grn_phase2" name="test_full_flow_matches_legacy_golden" time="2.062" /><testcase classname="tests.test_grn_phase2" name="test_blind_count_enforced_by_api" time="0.634" /><testcase classname="tests.test_grn_phase2" name="test_partial_delivery_discrepancies_and_single_remainder" time="1.275" /><testcase classname="tests.test_grn_phase2" name="test_duplicate_dn_and_cancel_cleans_up" time="1.444" /><testcase classname="tests.test_grn_phase2" name="test_grn_mode_blocks_legacy_new_tasks" time="0.347" /><testcase classname="tests.test_grn_phase2" name="test_entity_isolation" time="0.447" /><testcase classname="tests.test_grn_phase3_endpoints" name="test_partners_supplier_returns_list_with_open_docs" time="0.515" /><testcase classname="tests.test_grn_phase3_endpoints" name="test_partners_makloon_ok" time="0.509" /><testcase classname="tests.test_grn_phase3_endpoints" name="test_supplier_variance_admin_view" time="1.673" /><testcase classname="tests.test_grn_phase3_endpoints" name="test_supplier_variance_permission_via_po_view" time="0.512" /><testcase classname="tests.test_grn_phase3_endpoints" name="test_rolls_endpoint_404_for_bogus_id" time="0.505" /><testcase classname="tests.test_grn_phase3_endpoints" name="test_route_ordering_partners_not_treated_as_id" time="0.630" /><testcase classname="tests.test_grn_phase4_dn_rules" name="test_parse_numbers_s07_two_formats" time="0.000" /><testcase classname="tests.test_grn_phase4_dn_rules" name="test_parse_ambiguous_thousands_vs_decimal" time="0.000" /><testcase classname="tests.test_grn_phase4_dn_rules" name="test_s06_overwritten_digit_resolved_by_total" time="0.000" /><testcase classname="tests.test_grn_phase4_dn_rules" name="test_s12_greige_never_declared_and_unclear_skipped" time="0.000" /><testcase classname="tests.test_grn_phase4_dn_rules" name="test_s11_kg_yard_roll_net" time="0.000" /><testcase classname="tests.test_grn_phase4_dn_rules" name="test_ambiguous_number_blocks" time="0.000" /><testcase classname="tests.test_grn_phase4_dn_rules" name="test_po_patterns_client_vs_supplier_numbers" time="0.001" /><testcase classname="tests.test_grn_phase4_dn_rules" name="test_line_matching_rules" time="0.000" /><testcase classname="tests.test_grn_phase4_dn_rules" name="test_totals_and_name_checks" time="0.000" /><testcase classname="tests.test_grn_phase4_read" name="test_read_clear_maps_header_lines_and_logs_cost" time="4.912" /><testcase classname="tests.test_grn_phase4_read" name="test_read_doubtful_calls_second_reader_and_blocks_ambiguous" time="3.226" /><testcase classname="tests.test_grn_phase4_read" name="test_read_disabled_and_budget_exhausted" time="0.853" /><testcase classname="tests.test_grn_phase4_eval" name="test_eval_all_correct_passes_gate" time="0.208" /><testcase classname="tests.test_grn_phase4_eval" name="test_eval_reports_wrong_unflagged_line" time="0.031" /><testcase classname="tests.test_inbound_complete_characterization" name="test_complete_scanned_rolls_path" time="0.766" /><testcase classname="tests.test_inbound_complete_characterization" name="test_complete_manual_rolls_path" time="0.238" /><testcase classname="tests.test_wms_advance_expected" name="test_advance_expected_status_ok_then_409" time="0.507" /><testcase classname="tests.test_wms_advance_expected" name="test_advance_without_expected_status_still_works" time="0.097" /></testsuite></testsuites>