<?xml version="1.0" encoding="utf-8"?><testsuites name="pytest tests"><testsuite name="pytest" errors="0" failures="0" skipped="0" tests="6" time="3.773" timestamp="2026-09-24T18:58:46.665857+00:00" hostname="agent-env-589c3d15-abb5-4474-ba2c-e7ff583ab20a"><testcase classname="tests.test_grn_phase3_endpoints" name="test_partners_supplier_returns_list_with_open_docs" time="0.589" /><testcase classname="tests.test_grn_phase3_endpoints" name="test_partners_makloon_ok" time="0.568" /><testcase classname="tests.test_grn_phase3_endpoints" name="test_supplier_variance_admin_view" time="0.624" /><testcase classname="tests.test_grn_phase3_endpoints" name="test_supplier_variance_permission_via_po_view" time="0.570" /><testcase classname="tests.test_grn_phase3_endpoints" name="test_rolls_endpoint_404_for_bogus_id" time="0.577" /><testcase classname="tests.test_grn_phase3_endpoints" name="test_route_ordering_partners_not_treated_as_id" time="0.779" /></testsuite></testsuites>