<?xml version="1.0" encoding="utf-8"?><testsuites name="pytest tests"><testsuite name="pytest" errors="0" failures="0" skipped="0" tests="5" time="1.582" timestamp="2026-09-22T12:54:54.560620+00:00" hostname="agent-env-06d543ca-f15e-4509-989a-acd9ef40820b"><testcase classname="tests.backend_smoke_restore" name="test_root_api" time="0.331" /><testcase classname="tests.backend_smoke_restore" name="test_login_returns_token" time="0.368" /><testcase classname="tests.backend_smoke_restore" name="test_interco_settlements_transfer_posted" time="0.163" /><testcase classname="tests.backend_smoke_restore" name="test_design_gallery_parang_modern" time="0.187" /><testcase classname="tests.backend_smoke_restore" name="test_interco_transactions_min4_with_draft_and_confirmed" time="0.211" /></testsuite></testsuites>